<?xml version="1.0" encoding="UTF-8"?>
<!-- Generated by org.testng.reporters.JUnitXMLReporter -->
<testsuite ignored="0" hostname="DESKTOP-86CSM53" failures="1" tests="2" name="Test" time="20.216" errors="0" timestamp="2021-10-16T15:11:22 GMT+01:00">
  <testcase classname="Academy.validateTittle" name="ValidateTittle" time="0.053">
    <failure type="java.lang.AssertionError" message="expected [FEATU122RED COURSES] but found [FEATURED COURSES]">
      <![CDATA[java.lang.AssertionError: expected [FEATU122RED COURSES] but found [FEATURED COURSES]
at Academy.validateTittle.ValidateTittle(validateTittle.java:39)
at java.base/java.util.ArrayList.forEach(ArrayList.java:1511)
... Removed 33 stack frames]]>
    </failure>
  </testcase> <!-- ValidateTittle -->
  <testcase classname="Academy.HomePage" name="GetNavigationPage" time="8.723"/>
</testsuite> <!-- Test -->
