<?xml version="1.0" encoding="UTF-8"?>
<!-- Generated by org.testng.reporters.JUnitXMLReporter -->
<testsuite ignored="0" hostname="DESKTOP-86CSM53" failures="1" tests="1" name="Validating title in the Page" time="8.357" errors="0" timestamp="2021-09-30T14:40:00 GMT+01:00">
  <testcase classname="Academy.validateTitle" name="validateAppTitle" time="0.034">
    <failure type="java.lang.AssertionError" message="expected [FEATU122RED COURSES] but found [FEATURED COURSES]">
      <![CDATA[java.lang.AssertionError: expected [FEATU122RED COURSES] but found [FEATURED COURSES]
at Academy.validateTitle.validateAppTitle(validateTitle.java:43)
at java.base/java.util.ArrayList.forEach(ArrayList.java:1511)
... Removed 33 stack frames]]>
    </failure>
  </testcase> <!-- validateAppTitle -->
</testsuite> <!-- Validating title in the Page -->
