<?xml version="1.0" encoding="UTF-8"?>
<!-- Generated by org.testng.reporters.JUnitXMLReporter -->
<testsuite ignored="0" hostname="DESKTOP-86CSM53" failures="1" tests="1" name="validation tittle " time="7.176" errors="0" timestamp="2021-10-02T15:26:00 GMT+01:00">
  <testcase classname="Academy.validateTitle" name="validateAppTitle" time="0.416">
    <failure type="java.lang.NullPointerException">
      <![CDATA[java.lang.NullPointerException
at java.base/java.io.File.<init>(File.java:279)
at resources.base.getScreenShotPath(base.java:61)
at Academy.Listeners.onTestStart(Listeners.java:27)
at java.base/java.util.ArrayList.forEach(ArrayList.java:1511)
... Removed 24 stack frames]]>
    </failure>
  </testcase> <!-- validateAppTitle -->
</testsuite> <!-- validation tittle  -->
