<?xml version="1.0" encoding="UTF-8"?>
<!-- Generated by org.testng.reporters.JUnitXMLReporter -->
<testsuite ignored="0" hostname="DESKTOP-86CSM53" failures="1" tests="1" name="validation tittle" time="11.673" errors="0" timestamp="2021-10-20T10:37:02 GMT+01:00">
  <testcase classname="Academy.validateTittle" name="ValidateTittle" time="0.064">
    <failure type="java.lang.AssertionError" message="expected [FEATU12RED COURSES] but found [FEATURED COURSES]">
      <![CDATA[java.lang.AssertionError: expected [FEATU12RED COURSES] but found [FEATURED COURSES]
at Academy.validateTittle.ValidateTittle(validateTittle.java:42)
at java.base/java.util.ArrayList.forEach(ArrayList.java:1511)
... Removed 33 stack frames]]>
    </failure>
  </testcase> <!-- ValidateTittle -->
</testsuite> <!-- validation tittle -->
