<?xml version="1.0" encoding="UTF-8"?>
<!-- Generated by org.testng.reporters.JUnitXMLReporter -->
<testsuite ignored="0" hostname="DESKTOP-86CSM53" failures="1" tests="1" name="validation navigation " time="14.305" errors="0" timestamp="2021-10-02T15:25:53 GMT+01:00">
  <testcase classname="Academy.validateNavigationBar" name="validateAppNavBar" time="0.42">
    <failure type="java.lang.NullPointerException">
      <![CDATA[java.lang.NullPointerException
at java.base/java.io.File.<init>(File.java:279)
at resources.base.getScreenShotPath(base.java:61)
at Academy.Listeners.onTestStart(Listeners.java:27)
at java.base/java.util.ArrayList.forEach(ArrayList.java:1511)
... Removed 24 stack frames]]>
    </failure>
  </testcase> <!-- validateAppNavBar -->
</testsuite> <!-- validation navigation  -->
