<?xml version="1.0" encoding="UTF-8"?>
<!-- Generated by org.testng.reporters.JUnitXMLReporter -->
<testsuite ignored="0" hostname="DESKTOP-86CSM53" failures="2" tests="2" name="validation hp " time="2.315" errors="0" timestamp="2021-10-02T15:25:38 GMT+01:00">
  <testcase classname="Academy.HomePage" name="GetNavigationPage" time="0.141">
    <failure type="java.lang.NullPointerException">
      <![CDATA[java.lang.NullPointerException
at java.base/java.io.File.<init>(File.java:279)
at resources.base.getScreenShotPath(base.java:61)
at Academy.Listeners.onTestStart(Listeners.java:27)
at java.base/java.util.ArrayList.forEach(ArrayList.java:1511)
... Removed 24 stack frames]]>
    </failure>
  </testcase> <!-- GetNavigationPage -->
  <testcase classname="Academy.HomePage" name="GetNavigationPage" time="0.128">
    <failure type="java.lang.NullPointerException">
      <![CDATA[java.lang.NullPointerException
at java.base/java.io.File.<init>(File.java:279)
at resources.base.getScreenShotPath(base.java:61)
at Academy.Listeners.onTestStart(Listeners.java:27)
at java.base/java.util.ArrayList.forEach(ArrayList.java:1511)
... Removed 24 stack frames]]>
    </failure>
  </testcase> <!-- GetNavigationPage -->
</testsuite> <!-- validation hp  -->
