<?xml version="1.0" encoding="UTF-8"?>
<!-- Generated by org.testng.reporters.JUnitXMLReporter -->
<testsuite hostname="DESKTOP-86CSM53" name="home page" tests="2" failures="0" timestamp="25 Oct 2021 13:38:16 GMT" time="0.004" errors="0">
  <testcase name="@BeforeTest initialize" time="0.0" classname="Academy.HomePage">
    <failure type="java.lang.NullPointerException">
      <![CDATA[java.lang.NullPointerException
	at resources.base.initializeDriver(base.java:57)
	at Academy.HomePage.initialize(HomePage.java:24)
	at org.apache.maven.surefire.testng.TestNGExecutor.run(TestNGExecutor.java:283)
	at org.apache.maven.surefire.testng.TestNGXmlTestSuite.execute(TestNGXmlTestSuite.java:75)
	at org.apache.maven.surefire.testng.TestNGProvider.invoke(TestNGProvider.java:120)
	at org.apache.maven.surefire.booter.ForkedBooter.invokeProviderInSameClassLoader(ForkedBooter.java:386)
	at org.apache.maven.surefire.booter.ForkedBooter.runSuitesInProcess(ForkedBooter.java:323)
	at org.apache.maven.surefire.booter.ForkedBooter.main(ForkedBooter.java:143)
... Removed 19 stack frames]]>
    </failure>
  </testcase> <!-- @BeforeTest initialize -->
  <testcase name="@AfterTest TearDown" time="0.0" classname="Academy.HomePage">
    <skipped/>
  </testcase> <!-- @AfterTest TearDown -->
  <testcase name="getNavigationPage" time="0.001" classname="Academy.HomePage">
    <skipped/>
  </testcase> <!-- getNavigationPage -->
  <testcase name="getNavigationPage" time="0.0" classname="Academy.HomePage">
    <skipped/>
  </testcase> <!-- getNavigationPage -->
</testsuite> <!-- home page -->
