<?xml version="1.0" encoding="UTF-8"?>
<testng-results skipped="3" failed="0" total="3" passed="0">
  <reporter-output>
  </reporter-output>
  <suite name="Suite" duration-ms="553" started-at="2021-10-25T13:38:15Z" finished-at="2021-10-25T13:38:16Z">
    <groups>
    </groups>
    <test name="validate tittle" duration-ms="45" started-at="2021-10-25T13:38:15Z" finished-at="2021-10-25T13:38:16Z">
      <class name="Academy.ValidateTittle">
        <test-method status="FAIL" signature="initialize()[pri:0, instance:Academy.ValidateTittle@7c0c77c7]" name="initialize" is-config="true" duration-ms="0" started-at="2021-10-25T14:38:15Z" finished-at="2021-10-25T14:38:15Z">
          <exception class="java.lang.NullPointerException">
            <full-stacktrace>
              <![CDATA[java.lang.NullPointerException
	at resources.base.initializeDriver(base.java:57)
	at Academy.ValidateTittle.initialize(ValidateTittle.java:25)
	at sun.reflect.NativeMethodAccessorImpl.invoke0(Native Method)
	at sun.reflect.NativeMethodAccessorImpl.invoke(NativeMethodAccessorImpl.java:62)
	at sun.reflect.DelegatingMethodAccessorImpl.invoke(DelegatingMethodAccessorImpl.java:43)
	at java.lang.reflect.Method.invoke(Method.java:498)
	at org.testng.internal.MethodInvocationHelper.invokeMethod(MethodInvocationHelper.java:80)
	at org.testng.internal.Invoker.invokeConfigurationMethod(Invoker.java:564)
	at org.testng.internal.Invoker.invokeConfigurations(Invoker.java:213)
	at org.testng.internal.Invoker.invokeConfigurations(Invoker.java:138)
	at org.testng.TestRunner.beforeRun(TestRunner.java:641)
	at org.testng.TestRunner.run(TestRunner.java:609)
	at org.testng.SuiteRunner.runTest(SuiteRunner.java:334)
	at org.testng.SuiteRunner.runSequentially(SuiteRunner.java:329)
	at org.testng.SuiteRunner.privateRun(SuiteRunner.java:291)
	at org.testng.SuiteRunner.run(SuiteRunner.java:240)
	at org.testng.SuiteRunnerWorker.runSuite(SuiteRunnerWorker.java:52)
	at org.testng.SuiteRunnerWorker.run(SuiteRunnerWorker.java:86)
	at org.testng.TestNG.runSuitesSequentially(TestNG.java:1198)
	at org.testng.TestNG.runSuitesLocally(TestNG.java:1123)
	at org.testng.TestNG.run(TestNG.java:1031)
	at org.apache.maven.surefire.testng.TestNGExecutor.run(TestNGExecutor.java:283)
	at org.apache.maven.surefire.testng.TestNGXmlTestSuite.execute(TestNGXmlTestSuite.java:75)
	at org.apache.maven.surefire.testng.TestNGProvider.invoke(TestNGProvider.java:120)
	at org.apache.maven.surefire.booter.ForkedBooter.invokeProviderInSameClassLoader(ForkedBooter.java:386)
	at org.apache.maven.surefire.booter.ForkedBooter.runSuitesInProcess(ForkedBooter.java:323)
	at org.apache.maven.surefire.booter.ForkedBooter.main(ForkedBooter.java:143)
]]>
            </full-stacktrace>
          </exception> <!-- java.lang.NullPointerException -->
          <reporter-output>
          </reporter-output>
        </test-method> <!-- initialize -->
        <test-method status="SKIP" signature="ValidationTittle()[pri:0, instance:Academy.ValidateTittle@7c0c77c7]" name="ValidationTittle" duration-ms="4" started-at="2021-10-25T14:38:16Z" finished-at="2021-10-25T14:38:16Z">
          <reporter-output>
          </reporter-output>
        </test-method> <!-- ValidationTittle -->
        <test-method status="SKIP" signature="TearDown()[pri:0, instance:Academy.ValidateTittle@7c0c77c7]" name="TearDown" is-config="true" duration-ms="0" started-at="2021-10-25T14:38:16Z" finished-at="2021-10-25T14:38:16Z">
          <reporter-output>
          </reporter-output>
        </test-method> <!-- TearDown -->
      </class> <!-- Academy.ValidateTittle -->
    </test> <!-- validate tittle -->
    <test name="home page" duration-ms="4" started-at="2021-10-25T13:38:16Z" finished-at="2021-10-25T13:38:16Z">
      <class name="Academy.HomePage">
        <test-method status="FAIL" signature="initialize()[pri:0, instance:Academy.HomePage@5ae50ce6]" name="initialize" is-config="true" duration-ms="0" started-at="2021-10-25T14:38:16Z" finished-at="2021-10-25T14:38:16Z">
          <exception class="java.lang.NullPointerException">
            <full-stacktrace>
              <![CDATA[java.lang.NullPointerException
	at resources.base.initializeDriver(base.java:57)
	at Academy.HomePage.initialize(HomePage.java:24)
	at sun.reflect.NativeMethodAccessorImpl.invoke0(Native Method)
	at sun.reflect.NativeMethodAccessorImpl.invoke(NativeMethodAccessorImpl.java:62)
	at sun.reflect.DelegatingMethodAccessorImpl.invoke(DelegatingMethodAccessorImpl.java:43)
	at java.lang.reflect.Method.invoke(Method.java:498)
	at org.testng.internal.MethodInvocationHelper.invokeMethod(MethodInvocationHelper.java:80)
	at org.testng.internal.Invoker.invokeConfigurationMethod(Invoker.java:564)
	at org.testng.internal.Invoker.invokeConfigurations(Invoker.java:213)
	at org.testng.internal.Invoker.invokeConfigurations(Invoker.java:138)
	at org.testng.TestRunner.beforeRun(TestRunner.java:641)
	at org.testng.TestRunner.run(TestRunner.java:609)
	at org.testng.SuiteRunner.runTest(SuiteRunner.java:334)
	at org.testng.SuiteRunner.runSequentially(SuiteRunner.java:329)
	at org.testng.SuiteRunner.privateRun(SuiteRunner.java:291)
	at org.testng.SuiteRunner.run(SuiteRunner.java:240)
	at org.testng.SuiteRunnerWorker.runSuite(SuiteRunnerWorker.java:52)
	at org.testng.SuiteRunnerWorker.run(SuiteRunnerWorker.java:86)
	at org.testng.TestNG.runSuitesSequentially(TestNG.java:1198)
	at org.testng.TestNG.runSuitesLocally(TestNG.java:1123)
	at org.testng.TestNG.run(TestNG.java:1031)
	at org.apache.maven.surefire.testng.TestNGExecutor.run(TestNGExecutor.java:283)
	at org.apache.maven.surefire.testng.TestNGXmlTestSuite.execute(TestNGXmlTestSuite.java:75)
	at org.apache.maven.surefire.testng.TestNGProvider.invoke(TestNGProvider.java:120)
	at org.apache.maven.surefire.booter.ForkedBooter.invokeProviderInSameClassLoader(ForkedBooter.java:386)
	at org.apache.maven.surefire.booter.ForkedBooter.runSuitesInProcess(ForkedBooter.java:323)
	at org.apache.maven.surefire.booter.ForkedBooter.main(ForkedBooter.java:143)
]]>
            </full-stacktrace>
          </exception> <!-- java.lang.NullPointerException -->
          <reporter-output>
          </reporter-output>
        </test-method> <!-- initialize -->
        <test-method status="SKIP" signature="getNavigationPage(java.lang.String, java.lang.String, java.lang.String)[pri:0, instance:Academy.HomePage@5ae50ce6]" name="getNavigationPage" duration-ms="1" started-at="2021-10-25T14:38:16Z" data-provider="GetData" finished-at="2021-10-25T14:38:16Z">
          <params>
            <param index="0">
              <value>
                <![CDATA[jslah2008@yahoo.fr]]>
              </value>
            </param>
            <param index="1">
              <value>
                <![CDATA[123456]]>
              </value>
            </param>
            <param index="2">
              <value>
                <![CDATA[non non]]>
              </value>
            </param>
          </params>
          <reporter-output>
          </reporter-output>
        </test-method> <!-- getNavigationPage -->
        <test-method status="SKIP" signature="TearDown()[pri:0, instance:Academy.HomePage@5ae50ce6]" name="TearDown" is-config="true" duration-ms="0" started-at="2021-10-25T14:38:16Z" finished-at="2021-10-25T14:38:16Z">
          <reporter-output>
          </reporter-output>
        </test-method> <!-- TearDown -->
        <test-method status="SKIP" signature="getNavigationPage(java.lang.String, java.lang.String, java.lang.String)[pri:0, instance:Academy.HomePage@5ae50ce6]" name="getNavigationPage" duration-ms="0" started-at="2021-10-25T14:38:16Z" data-provider="GetData" finished-at="2021-10-25T14:38:16Z">
          <params>
            <param index="0">
              <value>
                <![CDATA[jslah2008@gmail.com]]>
              </value>
            </param>
            <param index="1">
              <value>
                <![CDATA[1234567]]>
              </value>
            </param>
            <param index="2">
              <value>
                <![CDATA[non oui non]]>
              </value>
            </param>
          </params>
          <reporter-output>
          </reporter-output>
        </test-method> <!-- getNavigationPage -->
      </class> <!-- Academy.HomePage -->
    </test> <!-- home page -->
  </suite> <!-- Suite -->
</testng-results>
