<?xml version="1.0" encoding="UTF-8"?>
<testng-results ignored="0" total="1" passed="1" failed="0" skipped="0">
  <reporter-output>
  </reporter-output>
  <suite started-at="2022-02-09T11:26:39 GMT+01:00" name="Default suite" finished-at="2022-02-09T11:26:50 GMT+01:00" duration-ms="11690">
    <groups>
    </groups>
    <test started-at="2022-02-09T11:26:39 GMT+01:00" name="Default test" finished-at="2022-02-09T11:26:50 GMT+01:00" duration-ms="11690">
      <class name="Academy.addItems">
        <test-method is-config="true" signature="Initialize()[pri:0, instance:Academy.addItems@5562c41e]" started-at="2022-02-09T11:26:39 GMT+01:00" name="Initialize" finished-at="2022-02-09T11:26:41 GMT+01:00" duration-ms="2443" status="PASS">
          <reporter-output>
          </reporter-output>
        </test-method> <!-- Initialize -->
        <test-method signature="AddIteams()[pri:0, instance:Academy.addItems@5562c41e]" started-at="2022-02-09T11:26:41 GMT+01:00" name="AddIteams" finished-at="2022-02-09T11:26:50 GMT+01:00" duration-ms="9202" status="PASS">
          <reporter-output>
          </reporter-output>
        </test-method> <!-- AddIteams -->
      </class> <!-- Academy.addItems -->
    </test> <!-- Default test -->
  </suite> <!-- Default suite -->
</testng-results>
